<?xml version="1.0" encoding="UTF-8"?>
<!-- Generated by org.testng.reporters.JUnitReportReporter -->
<testsuite hostname="DESKTOP-1K40414" failures="0" tests="1" name="php.crm.Vtiger.project31.campaignTest.CreatecampaignTest" time="16.063" errors="0" timestamp="2022-10-18T00:12:26 IST" skipped="0">
  <testcase classname="php.crm.Vtiger.project31.campaignTest.CreatecampaignTest" name="createCampaignAndVerifyCampaignNameTest" time="16.063"/>
  <system-out/>
</testsuite> <!-- php.crm.Vtiger.project31.campaignTest.CreatecampaignTest -->
