<?xml version="1.0" encoding="UTF-8"?>
<!-- Generated by org.testng.reporters.JUnitReportReporter -->
<testsuite hostname="TYC1121225" failures="0" tests="1" name="php.crm.Vtiger.Project1.campaignTest.Practice" time="0.036" errors="0" timestamp="2022-10-11T17:55:18 IST" skipped="0">
  <testcase classname="php.crm.Vtiger.Project1.campaignTest.Practice" name="b" time="0.036"/>
  <system-out/>
</testsuite> <!-- php.crm.Vtiger.Project1.campaignTest.Practice -->
